C51 COMPILER V9.60.7.0   DELAYMS                                                           08/18/2025 16:17:56 PAGE 1   


C51 COMPILER V9.60.7.0, COMPILATION OF MODULE DELAYMS
OBJECT MODULE PLACED IN .\Objects\delayms.obj
COMPILER INVOKED BY: D:\keil5C51\C51\BIN\C51.EXE delayms.c ROM(COMPACT) OPTIMIZE(0,SPEED) BROWSE DEBUG OBJECTEXTEND PRIN
                    -T(.\Listings\delayms.lst) OBJECT(.\Objects\delayms.obj)

line level    source

   1          #include <SN8F5702.H>
   2          #include "delayms.h"
   3          #define uint8_t unsigned char
   4          #define uint16_t  unsigned int 
   5          //void delay_ms(uint16_t xms)
   6          //{
   7          //      uint16_t i,j;
   8          //      for(i=xms;i>0;i--)
   9          //      {               
  10          //      for(j=110;j>0;j--);
  11          //      }
  12          //}
  13          
  14          void delay_us(uint16_t xus)
  15          {
  16   1              uint16_t i,j;
  17   1              for(i=xus;i>0;i--)
  18   1              for(j=4;j>0;j--);
  19   1      }
  20          
  21          //void delay_us2(uint16_t n) // n=1??1us
  22          //{
  23          //      while (--n)
  24          //      ;
  25          //}


MODULE INFORMATION:   STATIC OVERLAYABLE
   CODE SIZE        =     59    ----
   CONSTANT SIZE    =   ----    ----
   XDATA SIZE       =   ----    ----
   PDATA SIZE       =   ----    ----
   DATA SIZE        =      6    ----
   IDATA SIZE       =   ----    ----
   BIT SIZE         =   ----    ----
END OF MODULE INFORMATION.


C51 COMPILATION COMPLETE.  0 WARNING(S),  0 ERROR(S)
