C51 COMPILER V9.60.7.0   GPIO                                                              09/15/2025 15:22:47 PAGE 1   


C51 COMPILER V9.60.7.0, COMPILATION OF MODULE GPIO
OBJECT MODULE PLACED IN .\Objects\gpio.obj
COMPILER INVOKED BY: D:\keil5C51\C51\BIN\C51.EXE gpio.c COMPACT ROM(COMPACT) OPTIMIZE(0,SPEED) BROWSE DEBUG OBJECTEXTEND
                    - PRINT(.\Listings\gpio.lst) OBJECT(.\Objects\gpio.obj)

line level    source

   1          
   2          #include <SN8F5703.H>
   3          #include "gpio.h"
   4          
   5          void gpio_init(void)
   6          {
   7   1              /* key input gpio */
   8   1              
   9   1              //P00-P07
  10   1              P0UR = 0xff;
  11   1              P0M = 0x00;
  12   1              
  13   1              //P13-P14
  14   1              P1UR = 0xff;
  15   1              P1M = 0x00;
  16   1      
  17   1              
  18   1              /* 433send  output gpio */
  19   1              P2UR &= ~(1 << 0);
  20   1              P2M |= 1 << 0;
  21   1              
  22   1              //LED
  23   1              P2UR &= ~(3 << 3);
  24   1              P2M |= 3 << 3;
  25   1              
  26   1              //DONE CHAR
  27   1              P2UR |= 3 << 1;
  28   1              P2M &= ~(3 << 1);
  29   1      }


MODULE INFORMATION:   STATIC OVERLAYABLE
   CODE SIZE        =     31    ----
   CONSTANT SIZE    =   ----    ----
   XDATA SIZE       =   ----    ----
   PDATA SIZE       =   ----    ----
   DATA SIZE        =   ----    ----
   IDATA SIZE       =   ----    ----
   BIT SIZE         =   ----    ----
END OF MODULE INFORMATION.


C51 COMPILATION COMPLETE.  0 WARNING(S),  0 ERROR(S)
